[0.183s] DEBUG:colcon:Command line arguments: ['/usr/bin/colcon', 'build', '--packages-select', 'create_plan_msgs', 'custom_nav2_planner']
[0.183s] DEBUG:colcon:Parsed command line arguments: Namespace(log_base=None, log_level=None, verb_name='build', build_base='build', install_base='install', merge_install=False, symlink_install=False, test_result_base=None, continue_on_error=False, executor='parallel', parallel_workers=14, event_handlers=None, ignore_user_meta=False, metas=['./colcon.meta'], base_paths=['.'], packages_ignore=None, packages_ignore_regex=None, paths=None, packages_up_to=None, packages_up_to_regex=None, packages_above=None, packages_above_and_dependencies=None, packages_above_depth=None, packages_select_by_dep=None, packages_skip_by_dep=None, packages_skip_up_to=None, packages_select_build_failed=False, packages_skip_build_finished=False, packages_select_test_failures=False, packages_skip_test_passed=False, packages_select=['create_plan_msgs', 'custom_nav2_planner'], packages_skip=None, packages_select_regex=None, packages_skip_regex=None, packages_start=None, packages_end=None, cmake_args=None, cmake_target=None, cmake_target_skip_unavailable=False, cmake_clean_cache=False, cmake_clean_first=False, cmake_force_configure=False, ament_cmake_args=None, catkin_cmake_args=None, catkin_skip_building_tests=False, mixin_files=None, mixin=None, verb_parser=<colcon_mixin.mixin.mixin_argument.MixinArgumentDecorator object at 0x7f01e79920e0>, verb_extension=<colcon_core.verb.build.BuildVerb object at 0x7f01e7991ae0>, main=<bound method BuildVerb.main of <colcon_core.verb.build.BuildVerb object at 0x7f01e7991ae0>>, mixin_verb=('build',))
[0.448s] Level 1:colcon.colcon_core.package_discovery:discover_packages(colcon_meta) check parameters
[0.449s] Level 1:colcon.colcon_core.package_discovery:discover_packages(recursive) check parameters
[0.449s] Level 1:colcon.colcon_core.package_discovery:discover_packages(ignore) check parameters
[0.449s] Level 1:colcon.colcon_core.package_discovery:discover_packages(path) check parameters
[0.449s] Level 1:colcon.colcon_core.package_discovery:discover_packages(colcon_meta) discover
[0.449s] Level 1:colcon.colcon_core.package_discovery:discover_packages(recursive) discover
[0.449s] INFO:colcon.colcon_core.package_discovery:Crawling recursively for packages in '/home/user/exercises_ws'
[0.449s] Level 1:colcon.colcon_core.package_identification:_identify(.) by extensions ['ignore', 'ignore_ament_install']
[0.449s] Level 1:colcon.colcon_core.package_identification:_identify(.) by extension 'ignore'
[0.450s] Level 1:colcon.colcon_core.package_identification:_identify(.) by extension 'ignore_ament_install'
[0.450s] Level 1:colcon.colcon_core.package_identification:_identify(.) by extensions ['colcon_pkg']
[0.450s] Level 1:colcon.colcon_core.package_identification:_identify(.) by extension 'colcon_pkg'
[0.450s] Level 1:colcon.colcon_core.package_identification:_identify(.) by extensions ['colcon_meta']
[0.450s] Level 1:colcon.colcon_core.package_identification:_identify(.) by extension 'colcon_meta'
[0.450s] Level 1:colcon.colcon_core.package_identification:_identify(.) by extensions ['ros']
[0.450s] Level 1:colcon.colcon_core.package_identification:_identify(.) by extension 'ros'
[0.465s] Level 1:colcon.colcon_core.package_identification:_identify(.) by extensions ['cmake', 'python']
[0.466s] Level 1:colcon.colcon_core.package_identification:_identify(.) by extension 'cmake'
[0.466s] Level 1:colcon.colcon_core.package_identification:_identify(.) by extension 'python'
[0.466s] Level 1:colcon.colcon_core.package_identification:_identify(.) by extensions ['python_setup_py']
[0.466s] Level 1:colcon.colcon_core.package_identification:_identify(.) by extension 'python_setup_py'
[0.466s] Level 1:colcon.colcon_core.package_identification:_identify(build) by extensions ['ignore', 'ignore_ament_install']
[0.466s] Level 1:colcon.colcon_core.package_identification:_identify(build) by extension 'ignore'
[0.466s] Level 1:colcon.colcon_core.package_identification:_identify(build) ignored
[0.466s] Level 1:colcon.colcon_core.package_identification:_identify(install) by extensions ['ignore', 'ignore_ament_install']
[0.466s] Level 1:colcon.colcon_core.package_identification:_identify(install) by extension 'ignore'
[0.467s] Level 1:colcon.colcon_core.package_identification:_identify(install) ignored
[0.467s] Level 1:colcon.colcon_core.package_identification:_identify(log) by extensions ['ignore', 'ignore_ament_install']
[0.467s] Level 1:colcon.colcon_core.package_identification:_identify(log) by extension 'ignore'
[0.467s] Level 1:colcon.colcon_core.package_identification:_identify(log) ignored
[0.467s] Level 1:colcon.colcon_core.package_identification:_identify(src) by extensions ['ignore', 'ignore_ament_install']
[0.467s] Level 1:colcon.colcon_core.package_identification:_identify(src) by extension 'ignore'
[0.467s] Level 1:colcon.colcon_core.package_identification:_identify(src) by extension 'ignore_ament_install'
[0.467s] Level 1:colcon.colcon_core.package_identification:_identify(src) by extensions ['colcon_pkg']
[0.467s] Level 1:colcon.colcon_core.package_identification:_identify(src) by extension 'colcon_pkg'
[0.467s] Level 1:colcon.colcon_core.package_identification:_identify(src) by extensions ['colcon_meta']
[0.467s] Level 1:colcon.colcon_core.package_identification:_identify(src) by extension 'colcon_meta'
[0.468s] Level 1:colcon.colcon_core.package_identification:_identify(src) by extensions ['ros']
[0.468s] Level 1:colcon.colcon_core.package_identification:_identify(src) by extension 'ros'
[0.468s] Level 1:colcon.colcon_core.package_identification:_identify(src) by extensions ['cmake', 'python']
[0.468s] Level 1:colcon.colcon_core.package_identification:_identify(src) by extension 'cmake'
[0.468s] Level 1:colcon.colcon_core.package_identification:_identify(src) by extension 'python'
[0.468s] Level 1:colcon.colcon_core.package_identification:_identify(src) by extensions ['python_setup_py']
[0.468s] Level 1:colcon.colcon_core.package_identification:_identify(src) by extension 'python_setup_py'
[0.468s] Level 1:colcon.colcon_core.package_identification:_identify(src/packages) by extensions ['ignore', 'ignore_ament_install']
[0.468s] Level 1:colcon.colcon_core.package_identification:_identify(src/packages) by extension 'ignore'
[0.468s] Level 1:colcon.colcon_core.package_identification:_identify(src/packages) by extension 'ignore_ament_install'
[0.468s] Level 1:colcon.colcon_core.package_identification:_identify(src/packages) by extensions ['colcon_pkg']
[0.469s] Level 1:colcon.colcon_core.package_identification:_identify(src/packages) by extension 'colcon_pkg'
[0.469s] Level 1:colcon.colcon_core.package_identification:_identify(src/packages) by extensions ['colcon_meta']
[0.469s] Level 1:colcon.colcon_core.package_identification:_identify(src/packages) by extension 'colcon_meta'
[0.469s] Level 1:colcon.colcon_core.package_identification:_identify(src/packages) by extensions ['ros']
[0.469s] Level 1:colcon.colcon_core.package_identification:_identify(src/packages) by extension 'ros'
[0.469s] Level 1:colcon.colcon_core.package_identification:_identify(src/packages) by extensions ['cmake', 'python']
[0.469s] Level 1:colcon.colcon_core.package_identification:_identify(src/packages) by extension 'cmake'
[0.469s] Level 1:colcon.colcon_core.package_identification:_identify(src/packages) by extension 'python'
[0.469s] Level 1:colcon.colcon_core.package_identification:_identify(src/packages) by extensions ['python_setup_py']
[0.469s] Level 1:colcon.colcon_core.package_identification:_identify(src/packages) by extension 'python_setup_py'
[0.469s] Level 1:colcon.colcon_core.package_identification:_identify(src/packages/create_plan_msgs) by extensions ['ignore', 'ignore_ament_install']
[0.469s] Level 1:colcon.colcon_core.package_identification:_identify(src/packages/create_plan_msgs) by extension 'ignore'
[0.469s] Level 1:colcon.colcon_core.package_identification:_identify(src/packages/create_plan_msgs) by extension 'ignore_ament_install'
[0.470s] Level 1:colcon.colcon_core.package_identification:_identify(src/packages/create_plan_msgs) by extensions ['colcon_pkg']
[0.470s] Level 1:colcon.colcon_core.package_identification:_identify(src/packages/create_plan_msgs) by extension 'colcon_pkg'
[0.470s] Level 1:colcon.colcon_core.package_identification:_identify(src/packages/create_plan_msgs) by extensions ['colcon_meta']
[0.470s] Level 1:colcon.colcon_core.package_identification:_identify(src/packages/create_plan_msgs) by extension 'colcon_meta'
[0.470s] Level 1:colcon.colcon_core.package_identification:_identify(src/packages/create_plan_msgs) by extensions ['ros']
[0.470s] Level 1:colcon.colcon_core.package_identification:_identify(src/packages/create_plan_msgs) by extension 'ros'
[0.473s] DEBUG:colcon.colcon_core.package_identification:Package 'src/packages/create_plan_msgs' with type 'ros.ament_cmake' and name 'create_plan_msgs'
[0.474s] Level 1:colcon.colcon_core.package_identification:_identify(src/packages/custom_nav2_planner) by extensions ['ignore', 'ignore_ament_install']
[0.474s] Level 1:colcon.colcon_core.package_identification:_identify(src/packages/custom_nav2_planner) by extension 'ignore'
[0.474s] Level 1:colcon.colcon_core.package_identification:_identify(src/packages/custom_nav2_planner) by extension 'ignore_ament_install'
[0.474s] Level 1:colcon.colcon_core.package_identification:_identify(src/packages/custom_nav2_planner) by extensions ['colcon_pkg']
[0.474s] Level 1:colcon.colcon_core.package_identification:_identify(src/packages/custom_nav2_planner) by extension 'colcon_pkg'
[0.474s] Level 1:colcon.colcon_core.package_identification:_identify(src/packages/custom_nav2_planner) by extensions ['colcon_meta']
[0.474s] Level 1:colcon.colcon_core.package_identification:_identify(src/packages/custom_nav2_planner) by extension 'colcon_meta'
[0.474s] Level 1:colcon.colcon_core.package_identification:_identify(src/packages/custom_nav2_planner) by extensions ['ros']
[0.474s] Level 1:colcon.colcon_core.package_identification:_identify(src/packages/custom_nav2_planner) by extension 'ros'
[0.478s] DEBUG:colcon.colcon_core.package_identification:Package 'src/packages/custom_nav2_planner' with type 'ros.ament_cmake' and name 'custom_nav2_planner'
[0.478s] Level 1:colcon.colcon_core.package_discovery:discover_packages(recursive) using defaults
[0.478s] Level 1:colcon.colcon_core.package_discovery:discover_packages(ignore) discover
[0.479s] Level 1:colcon.colcon_core.package_discovery:discover_packages(ignore) using defaults
[0.479s] Level 1:colcon.colcon_core.package_discovery:discover_packages(path) discover
[0.479s] Level 1:colcon.colcon_core.package_discovery:discover_packages(path) using defaults
[0.520s] Level 5:colcon.colcon_core.verb:set package 'create_plan_msgs' build argument 'cmake_args' from command line to 'None'
[0.521s] Level 5:colcon.colcon_core.verb:set package 'create_plan_msgs' build argument 'cmake_target' from command line to 'None'
[0.521s] Level 5:colcon.colcon_core.verb:set package 'create_plan_msgs' build argument 'cmake_target_skip_unavailable' from command line to 'False'
[0.521s] Level 5:colcon.colcon_core.verb:set package 'create_plan_msgs' build argument 'cmake_clean_cache' from command line to 'False'
[0.521s] Level 5:colcon.colcon_core.verb:set package 'create_plan_msgs' build argument 'cmake_clean_first' from command line to 'False'
[0.521s] Level 5:colcon.colcon_core.verb:set package 'create_plan_msgs' build argument 'cmake_force_configure' from command line to 'False'
[0.521s] Level 5:colcon.colcon_core.verb:set package 'create_plan_msgs' build argument 'ament_cmake_args' from command line to 'None'
[0.521s] Level 5:colcon.colcon_core.verb:set package 'create_plan_msgs' build argument 'catkin_cmake_args' from command line to 'None'
[0.521s] Level 5:colcon.colcon_core.verb:set package 'create_plan_msgs' build argument 'catkin_skip_building_tests' from command line to 'False'
[0.521s] DEBUG:colcon.colcon_core.verb:Building package 'create_plan_msgs' with the following arguments: {'ament_cmake_args': None, 'build_base': '/home/user/exercises_ws/build/create_plan_msgs', 'catkin_cmake_args': None, 'catkin_skip_building_tests': False, 'cmake_args': None, 'cmake_clean_cache': False, 'cmake_clean_first': False, 'cmake_force_configure': False, 'cmake_target': None, 'cmake_target_skip_unavailable': False, 'install_base': '/home/user/exercises_ws/install/create_plan_msgs', 'merge_install': False, 'path': '/home/user/exercises_ws/src/packages/create_plan_msgs', 'symlink_install': False, 'test_result_base': None}
[0.521s] Level 5:colcon.colcon_core.verb:set package 'custom_nav2_planner' build argument 'cmake_args' from command line to 'None'
[0.521s] Level 5:colcon.colcon_core.verb:set package 'custom_nav2_planner' build argument 'cmake_target' from command line to 'None'
[0.522s] Level 5:colcon.colcon_core.verb:set package 'custom_nav2_planner' build argument 'cmake_target_skip_unavailable' from command line to 'False'
[0.522s] Level 5:colcon.colcon_core.verb:set package 'custom_nav2_planner' build argument 'cmake_clean_cache' from command line to 'False'
[0.522s] Level 5:colcon.colcon_core.verb:set package 'custom_nav2_planner' build argument 'cmake_clean_first' from command line to 'False'
[0.522s] Level 5:colcon.colcon_core.verb:set package 'custom_nav2_planner' build argument 'cmake_force_configure' from command line to 'False'
[0.522s] Level 5:colcon.colcon_core.verb:set package 'custom_nav2_planner' build argument 'ament_cmake_args' from command line to 'None'
[0.522s] Level 5:colcon.colcon_core.verb:set package 'custom_nav2_planner' build argument 'catkin_cmake_args' from command line to 'None'
[0.522s] Level 5:colcon.colcon_core.verb:set package 'custom_nav2_planner' build argument 'catkin_skip_building_tests' from command line to 'False'
[0.522s] DEBUG:colcon.colcon_core.verb:Building package 'custom_nav2_planner' with the following arguments: {'ament_cmake_args': None, 'build_base': '/home/user/exercises_ws/build/custom_nav2_planner', 'catkin_cmake_args': None, 'catkin_skip_building_tests': False, 'cmake_args': None, 'cmake_clean_cache': False, 'cmake_clean_first': False, 'cmake_force_configure': False, 'cmake_target': None, 'cmake_target_skip_unavailable': False, 'install_base': '/home/user/exercises_ws/install/custom_nav2_planner', 'merge_install': False, 'path': '/home/user/exercises_ws/src/packages/custom_nav2_planner', 'symlink_install': False, 'test_result_base': None}
[0.522s] INFO:colcon.colcon_core.executor:Executing jobs using 'parallel' executor
[0.523s] DEBUG:colcon.colcon_parallel_executor.executor.parallel:run_until_complete
[0.524s] INFO:colcon.colcon_ros.task.ament_cmake.build:Building ROS package in '/home/user/exercises_ws/src/packages/create_plan_msgs' with build type 'ament_cmake'
[0.524s] INFO:colcon.colcon_cmake.task.cmake.build:Building CMake package in '/home/user/exercises_ws/src/packages/create_plan_msgs'
[0.527s] INFO:colcon.colcon_core.plugin_system:Skipping extension 'colcon_core.shell.bat': Not used on non-Windows systems
[0.527s] INFO:colcon.colcon_core.shell:Skip shell extension 'powershell' for command environment: Not usable outside of PowerShell
[0.528s] DEBUG:colcon.colcon_core.shell:Skip shell extension 'dsv' for command environment
[0.550s] DEBUG:colcon.colcon_core.event_handler.log_command:Invoking command in '/home/user/exercises_ws/build/create_plan_msgs': CMAKE_PREFIX_PATH=/opt/ros/humble /usr/bin/cmake /home/user/exercises_ws/src/packages/create_plan_msgs -DCMAKE_INSTALL_PREFIX=/home/user/exercises_ws/install/create_plan_msgs
[3.682s] DEBUG:colcon.colcon_core.event_handler.log_command:Invoked command in '/home/user/exercises_ws/build/create_plan_msgs' returned '0': CMAKE_PREFIX_PATH=/opt/ros/humble /usr/bin/cmake /home/user/exercises_ws/src/packages/create_plan_msgs -DCMAKE_INSTALL_PREFIX=/home/user/exercises_ws/install/create_plan_msgs
[3.686s] DEBUG:colcon.colcon_core.event_handler.log_command:Invoking command in '/home/user/exercises_ws/build/create_plan_msgs': CMAKE_PREFIX_PATH=/opt/ros/humble /usr/bin/cmake --build /home/user/exercises_ws/build/create_plan_msgs -- -j14 -l14
[7.035s] DEBUG:colcon.colcon_core.event_handler.log_command:Invoked command in '/home/user/exercises_ws/build/create_plan_msgs' returned '0': CMAKE_PREFIX_PATH=/opt/ros/humble /usr/bin/cmake --build /home/user/exercises_ws/build/create_plan_msgs -- -j14 -l14
[7.059s] DEBUG:colcon.colcon_core.event_handler.log_command:Invoking command in '/home/user/exercises_ws/build/create_plan_msgs': CMAKE_PREFIX_PATH=/opt/ros/humble /usr/bin/cmake --install /home/user/exercises_ws/build/create_plan_msgs
[7.194s] Level 1:colcon.colcon_core.environment:create_environment_scripts_only(create_plan_msgs)
[7.195s] DEBUG:colcon.colcon_core.event_handler.log_command:Invoked command in '/home/user/exercises_ws/build/create_plan_msgs' returned '0': CMAKE_PREFIX_PATH=/opt/ros/humble /usr/bin/cmake --install /home/user/exercises_ws/build/create_plan_msgs
[7.198s] Level 1:colcon.colcon_core.environment:checking '/home/user/exercises_ws/install/create_plan_msgs' for CMake module files
[7.199s] Level 1:colcon.colcon_core.environment:checking '/home/user/exercises_ws/install/create_plan_msgs' for CMake config files
[7.200s] Level 1:colcon.colcon_core.shell:create_environment_hook('create_plan_msgs', 'cmake_prefix_path')
[7.200s] INFO:colcon.colcon_core.shell:Creating environment hook '/home/user/exercises_ws/install/create_plan_msgs/share/create_plan_msgs/hook/cmake_prefix_path.ps1'
[7.201s] INFO:colcon.colcon_core.shell:Creating environment descriptor '/home/user/exercises_ws/install/create_plan_msgs/share/create_plan_msgs/hook/cmake_prefix_path.dsv'
[7.202s] INFO:colcon.colcon_core.shell:Creating environment hook '/home/user/exercises_ws/install/create_plan_msgs/share/create_plan_msgs/hook/cmake_prefix_path.sh'
[7.205s] Level 1:colcon.colcon_core.environment:checking '/home/user/exercises_ws/install/create_plan_msgs/lib'
[7.205s] Level 1:colcon.colcon_core.shell:create_environment_hook('create_plan_msgs', 'ld_library_path_lib')
[7.205s] INFO:colcon.colcon_core.shell:Creating environment hook '/home/user/exercises_ws/install/create_plan_msgs/share/create_plan_msgs/hook/ld_library_path_lib.ps1'
[7.207s] INFO:colcon.colcon_core.shell:Creating environment descriptor '/home/user/exercises_ws/install/create_plan_msgs/share/create_plan_msgs/hook/ld_library_path_lib.dsv'
[7.207s] INFO:colcon.colcon_core.shell:Creating environment hook '/home/user/exercises_ws/install/create_plan_msgs/share/create_plan_msgs/hook/ld_library_path_lib.sh'
[7.208s] Level 1:colcon.colcon_core.environment:checking '/home/user/exercises_ws/install/create_plan_msgs/bin'
[7.208s] Level 1:colcon.colcon_core.environment:checking '/home/user/exercises_ws/install/create_plan_msgs/lib/pkgconfig/create_plan_msgs.pc'
[7.211s] Level 1:colcon.colcon_core.environment:checking '/home/user/exercises_ws/install/create_plan_msgs/lib/python3.10/site-packages'
[7.211s] Level 1:colcon.colcon_core.environment:checking '/home/user/exercises_ws/install/create_plan_msgs/bin'
[7.212s] INFO:colcon.colcon_core.shell:Creating package script '/home/user/exercises_ws/install/create_plan_msgs/share/create_plan_msgs/package.ps1'
[7.213s] INFO:colcon.colcon_core.shell:Creating package descriptor '/home/user/exercises_ws/install/create_plan_msgs/share/create_plan_msgs/package.dsv'
[7.214s] INFO:colcon.colcon_core.shell:Creating package script '/home/user/exercises_ws/install/create_plan_msgs/share/create_plan_msgs/package.sh'
[7.215s] INFO:colcon.colcon_core.shell:Creating package script '/home/user/exercises_ws/install/create_plan_msgs/share/create_plan_msgs/package.bash'
[7.216s] INFO:colcon.colcon_core.shell:Creating package script '/home/user/exercises_ws/install/create_plan_msgs/share/create_plan_msgs/package.zsh'
[7.218s] Level 1:colcon.colcon_core.environment:create_file_with_runtime_dependencies(/home/user/exercises_ws/install/create_plan_msgs/share/colcon-core/packages/create_plan_msgs)
[7.221s] Level 1:colcon.colcon_core.environment:create_environment_scripts_only(create_plan_msgs)
[7.221s] Level 1:colcon.colcon_core.environment:checking '/home/user/exercises_ws/install/create_plan_msgs' for CMake module files
[7.222s] Level 1:colcon.colcon_core.environment:checking '/home/user/exercises_ws/install/create_plan_msgs' for CMake config files
[7.223s] Level 1:colcon.colcon_core.shell:create_environment_hook('create_plan_msgs', 'cmake_prefix_path')
[7.224s] INFO:colcon.colcon_core.shell:Creating environment hook '/home/user/exercises_ws/install/create_plan_msgs/share/create_plan_msgs/hook/cmake_prefix_path.ps1'
[7.224s] INFO:colcon.colcon_core.shell:Creating environment descriptor '/home/user/exercises_ws/install/create_plan_msgs/share/create_plan_msgs/hook/cmake_prefix_path.dsv'
[7.225s] INFO:colcon.colcon_core.shell:Creating environment hook '/home/user/exercises_ws/install/create_plan_msgs/share/create_plan_msgs/hook/cmake_prefix_path.sh'
[7.226s] Level 1:colcon.colcon_core.environment:checking '/home/user/exercises_ws/install/create_plan_msgs/lib'
[7.226s] Level 1:colcon.colcon_core.shell:create_environment_hook('create_plan_msgs', 'ld_library_path_lib')
[7.226s] INFO:colcon.colcon_core.shell:Creating environment hook '/home/user/exercises_ws/install/create_plan_msgs/share/create_plan_msgs/hook/ld_library_path_lib.ps1'
[7.227s] INFO:colcon.colcon_core.shell:Creating environment descriptor '/home/user/exercises_ws/install/create_plan_msgs/share/create_plan_msgs/hook/ld_library_path_lib.dsv'
[7.227s] INFO:colcon.colcon_core.shell:Creating environment hook '/home/user/exercises_ws/install/create_plan_msgs/share/create_plan_msgs/hook/ld_library_path_lib.sh'
[7.228s] Level 1:colcon.colcon_core.environment:checking '/home/user/exercises_ws/install/create_plan_msgs/bin'
[7.228s] Level 1:colcon.colcon_core.environment:checking '/home/user/exercises_ws/install/create_plan_msgs/lib/pkgconfig/create_plan_msgs.pc'
[7.229s] Level 1:colcon.colcon_core.environment:checking '/home/user/exercises_ws/install/create_plan_msgs/lib/python3.10/site-packages'
[7.229s] Level 1:colcon.colcon_core.environment:checking '/home/user/exercises_ws/install/create_plan_msgs/bin'
[7.230s] INFO:colcon.colcon_core.shell:Creating package script '/home/user/exercises_ws/install/create_plan_msgs/share/create_plan_msgs/package.ps1'
[7.230s] INFO:colcon.colcon_core.shell:Creating package descriptor '/home/user/exercises_ws/install/create_plan_msgs/share/create_plan_msgs/package.dsv'
[7.231s] INFO:colcon.colcon_core.shell:Creating package script '/home/user/exercises_ws/install/create_plan_msgs/share/create_plan_msgs/package.sh'
[7.232s] INFO:colcon.colcon_core.shell:Creating package script '/home/user/exercises_ws/install/create_plan_msgs/share/create_plan_msgs/package.bash'
[7.232s] INFO:colcon.colcon_core.shell:Creating package script '/home/user/exercises_ws/install/create_plan_msgs/share/create_plan_msgs/package.zsh'
[7.233s] Level 1:colcon.colcon_core.environment:create_file_with_runtime_dependencies(/home/user/exercises_ws/install/create_plan_msgs/share/colcon-core/packages/create_plan_msgs)
[7.234s] INFO:colcon.colcon_ros.task.ament_cmake.build:Building ROS package in '/home/user/exercises_ws/src/packages/custom_nav2_planner' with build type 'ament_cmake'
[7.234s] INFO:colcon.colcon_cmake.task.cmake.build:Building CMake package in '/home/user/exercises_ws/src/packages/custom_nav2_planner'
[7.234s] INFO:colcon.colcon_core.shell:Skip shell extension 'powershell' for command environment: Not usable outside of PowerShell
[7.235s] DEBUG:colcon.colcon_core.shell:Skip shell extension 'dsv' for command environment
[7.267s] DEBUG:colcon.colcon_core.event_handler.log_command:Invoking command in '/home/user/exercises_ws/build/custom_nav2_planner': AMENT_PREFIX_PATH=/home/user/exercises_ws/install/create_plan_msgs:${AMENT_PREFIX_PATH} CMAKE_PREFIX_PATH=/home/user/exercises_ws/install/create_plan_msgs:/opt/ros/humble LD_LIBRARY_PATH=/home/user/exercises_ws/install/create_plan_msgs/lib:${LD_LIBRARY_PATH} PYTHONPATH=/home/user/exercises_ws/install/create_plan_msgs/local/lib/python3.10/dist-packages:${PYTHONPATH} /usr/bin/cmake /home/user/exercises_ws/src/packages/custom_nav2_planner -DCMAKE_INSTALL_PREFIX=/home/user/exercises_ws/install/custom_nav2_planner
[10.352s] DEBUG:colcon.colcon_core.event_handler.log_command:Invoked command in '/home/user/exercises_ws/build/custom_nav2_planner' returned '0': AMENT_PREFIX_PATH=/home/user/exercises_ws/install/create_plan_msgs:${AMENT_PREFIX_PATH} CMAKE_PREFIX_PATH=/home/user/exercises_ws/install/create_plan_msgs:/opt/ros/humble LD_LIBRARY_PATH=/home/user/exercises_ws/install/create_plan_msgs/lib:${LD_LIBRARY_PATH} PYTHONPATH=/home/user/exercises_ws/install/create_plan_msgs/local/lib/python3.10/dist-packages:${PYTHONPATH} /usr/bin/cmake /home/user/exercises_ws/src/packages/custom_nav2_planner -DCMAKE_INSTALL_PREFIX=/home/user/exercises_ws/install/custom_nav2_planner
[10.355s] DEBUG:colcon.colcon_core.event_handler.log_command:Invoking command in '/home/user/exercises_ws/build/custom_nav2_planner': AMENT_PREFIX_PATH=/home/user/exercises_ws/install/create_plan_msgs:${AMENT_PREFIX_PATH} CMAKE_PREFIX_PATH=/home/user/exercises_ws/install/create_plan_msgs:/opt/ros/humble LD_LIBRARY_PATH=/home/user/exercises_ws/install/create_plan_msgs/lib:${LD_LIBRARY_PATH} PYTHONPATH=/home/user/exercises_ws/install/create_plan_msgs/local/lib/python3.10/dist-packages:${PYTHONPATH} /usr/bin/cmake --build /home/user/exercises_ws/build/custom_nav2_planner -- -j14 -l14
[20.007s] DEBUG:colcon.colcon_core.event_handler.log_command:Invoked command in '/home/user/exercises_ws/build/custom_nav2_planner' returned '0': AMENT_PREFIX_PATH=/home/user/exercises_ws/install/create_plan_msgs:${AMENT_PREFIX_PATH} CMAKE_PREFIX_PATH=/home/user/exercises_ws/install/create_plan_msgs:/opt/ros/humble LD_LIBRARY_PATH=/home/user/exercises_ws/install/create_plan_msgs/lib:${LD_LIBRARY_PATH} PYTHONPATH=/home/user/exercises_ws/install/create_plan_msgs/local/lib/python3.10/dist-packages:${PYTHONPATH} /usr/bin/cmake --build /home/user/exercises_ws/build/custom_nav2_planner -- -j14 -l14
[20.009s] DEBUG:colcon.colcon_core.event_handler.log_command:Invoking command in '/home/user/exercises_ws/build/custom_nav2_planner': AMENT_PREFIX_PATH=/home/user/exercises_ws/install/create_plan_msgs:${AMENT_PREFIX_PATH} CMAKE_PREFIX_PATH=/home/user/exercises_ws/install/create_plan_msgs:/opt/ros/humble LD_LIBRARY_PATH=/home/user/exercises_ws/install/create_plan_msgs/lib:${LD_LIBRARY_PATH} PYTHONPATH=/home/user/exercises_ws/install/create_plan_msgs/local/lib/python3.10/dist-packages:${PYTHONPATH} /usr/bin/cmake --install /home/user/exercises_ws/build/custom_nav2_planner
[20.039s] Level 1:colcon.colcon_core.environment:create_environment_scripts_only(custom_nav2_planner)
[20.039s] Level 1:colcon.colcon_core.environment:checking '/home/user/exercises_ws/install/custom_nav2_planner' for CMake module files
[20.040s] Level 1:colcon.colcon_core.environment:checking '/home/user/exercises_ws/install/custom_nav2_planner' for CMake config files
[20.040s] DEBUG:colcon.colcon_core.event_handler.log_command:Invoked command in '/home/user/exercises_ws/build/custom_nav2_planner' returned '0': AMENT_PREFIX_PATH=/home/user/exercises_ws/install/create_plan_msgs:${AMENT_PREFIX_PATH} CMAKE_PREFIX_PATH=/home/user/exercises_ws/install/create_plan_msgs:/opt/ros/humble LD_LIBRARY_PATH=/home/user/exercises_ws/install/create_plan_msgs/lib:${LD_LIBRARY_PATH} PYTHONPATH=/home/user/exercises_ws/install/create_plan_msgs/local/lib/python3.10/dist-packages:${PYTHONPATH} /usr/bin/cmake --install /home/user/exercises_ws/build/custom_nav2_planner
[20.041s] Level 1:colcon.colcon_core.shell:create_environment_hook('custom_nav2_planner', 'cmake_prefix_path')
[20.041s] INFO:colcon.colcon_core.shell:Creating environment hook '/home/user/exercises_ws/install/custom_nav2_planner/share/custom_nav2_planner/hook/cmake_prefix_path.ps1'
[20.042s] INFO:colcon.colcon_core.shell:Creating environment descriptor '/home/user/exercises_ws/install/custom_nav2_planner/share/custom_nav2_planner/hook/cmake_prefix_path.dsv'
[20.043s] INFO:colcon.colcon_core.shell:Creating environment hook '/home/user/exercises_ws/install/custom_nav2_planner/share/custom_nav2_planner/hook/cmake_prefix_path.sh'
[20.043s] Level 1:colcon.colcon_core.environment:checking '/home/user/exercises_ws/install/custom_nav2_planner/lib'
[20.043s] Level 1:colcon.colcon_core.shell:create_environment_hook('custom_nav2_planner', 'ld_library_path_lib')
[20.044s] INFO:colcon.colcon_core.shell:Creating environment hook '/home/user/exercises_ws/install/custom_nav2_planner/share/custom_nav2_planner/hook/ld_library_path_lib.ps1'
[20.044s] INFO:colcon.colcon_core.shell:Creating environment descriptor '/home/user/exercises_ws/install/custom_nav2_planner/share/custom_nav2_planner/hook/ld_library_path_lib.dsv'
[20.045s] INFO:colcon.colcon_core.shell:Creating environment hook '/home/user/exercises_ws/install/custom_nav2_planner/share/custom_nav2_planner/hook/ld_library_path_lib.sh'
[20.045s] Level 1:colcon.colcon_core.environment:checking '/home/user/exercises_ws/install/custom_nav2_planner/bin'
[20.045s] Level 1:colcon.colcon_core.environment:checking '/home/user/exercises_ws/install/custom_nav2_planner/lib/pkgconfig/custom_nav2_planner.pc'
[20.046s] Level 1:colcon.colcon_core.environment:checking '/home/user/exercises_ws/install/custom_nav2_planner/lib/python3.10/site-packages'
[20.046s] Level 1:colcon.colcon_core.environment:checking '/home/user/exercises_ws/install/custom_nav2_planner/bin'
[20.047s] INFO:colcon.colcon_core.shell:Creating package script '/home/user/exercises_ws/install/custom_nav2_planner/share/custom_nav2_planner/package.ps1'
[20.047s] INFO:colcon.colcon_core.shell:Creating package descriptor '/home/user/exercises_ws/install/custom_nav2_planner/share/custom_nav2_planner/package.dsv'
[20.048s] INFO:colcon.colcon_core.shell:Creating package script '/home/user/exercises_ws/install/custom_nav2_planner/share/custom_nav2_planner/package.sh'
[20.049s] INFO:colcon.colcon_core.shell:Creating package script '/home/user/exercises_ws/install/custom_nav2_planner/share/custom_nav2_planner/package.bash'
[20.049s] INFO:colcon.colcon_core.shell:Creating package script '/home/user/exercises_ws/install/custom_nav2_planner/share/custom_nav2_planner/package.zsh'
[20.050s] Level 1:colcon.colcon_core.environment:create_file_with_runtime_dependencies(/home/user/exercises_ws/install/custom_nav2_planner/share/colcon-core/packages/custom_nav2_planner)
[20.050s] Level 1:colcon.colcon_core.environment:create_environment_scripts_only(custom_nav2_planner)
[20.051s] Level 1:colcon.colcon_core.environment:checking '/home/user/exercises_ws/install/custom_nav2_planner' for CMake module files
[20.051s] Level 1:colcon.colcon_core.environment:checking '/home/user/exercises_ws/install/custom_nav2_planner' for CMake config files
[20.052s] Level 1:colcon.colcon_core.shell:create_environment_hook('custom_nav2_planner', 'cmake_prefix_path')
[20.052s] INFO:colcon.colcon_core.shell:Creating environment hook '/home/user/exercises_ws/install/custom_nav2_planner/share/custom_nav2_planner/hook/cmake_prefix_path.ps1'
[20.053s] INFO:colcon.colcon_core.shell:Creating environment descriptor '/home/user/exercises_ws/install/custom_nav2_planner/share/custom_nav2_planner/hook/cmake_prefix_path.dsv'
[20.053s] INFO:colcon.colcon_core.shell:Creating environment hook '/home/user/exercises_ws/install/custom_nav2_planner/share/custom_nav2_planner/hook/cmake_prefix_path.sh'
[20.054s] Level 1:colcon.colcon_core.environment:checking '/home/user/exercises_ws/install/custom_nav2_planner/lib'
[20.054s] Level 1:colcon.colcon_core.shell:create_environment_hook('custom_nav2_planner', 'ld_library_path_lib')
[20.054s] INFO:colcon.colcon_core.shell:Creating environment hook '/home/user/exercises_ws/install/custom_nav2_planner/share/custom_nav2_planner/hook/ld_library_path_lib.ps1'
[20.055s] INFO:colcon.colcon_core.shell:Creating environment descriptor '/home/user/exercises_ws/install/custom_nav2_planner/share/custom_nav2_planner/hook/ld_library_path_lib.dsv'
[20.055s] INFO:colcon.colcon_core.shell:Creating environment hook '/home/user/exercises_ws/install/custom_nav2_planner/share/custom_nav2_planner/hook/ld_library_path_lib.sh'
[20.056s] Level 1:colcon.colcon_core.environment:checking '/home/user/exercises_ws/install/custom_nav2_planner/bin'
[20.056s] Level 1:colcon.colcon_core.environment:checking '/home/user/exercises_ws/install/custom_nav2_planner/lib/pkgconfig/custom_nav2_planner.pc'
[20.056s] Level 1:colcon.colcon_core.environment:checking '/home/user/exercises_ws/install/custom_nav2_planner/lib/python3.10/site-packages'
[20.057s] Level 1:colcon.colcon_core.environment:checking '/home/user/exercises_ws/install/custom_nav2_planner/bin'
[20.057s] INFO:colcon.colcon_core.shell:Creating package script '/home/user/exercises_ws/install/custom_nav2_planner/share/custom_nav2_planner/package.ps1'
[20.058s] INFO:colcon.colcon_core.shell:Creating package descriptor '/home/user/exercises_ws/install/custom_nav2_planner/share/custom_nav2_planner/package.dsv'
[20.059s] INFO:colcon.colcon_core.shell:Creating package script '/home/user/exercises_ws/install/custom_nav2_planner/share/custom_nav2_planner/package.sh'
[20.059s] INFO:colcon.colcon_core.shell:Creating package script '/home/user/exercises_ws/install/custom_nav2_planner/share/custom_nav2_planner/package.bash'
[20.060s] INFO:colcon.colcon_core.shell:Creating package script '/home/user/exercises_ws/install/custom_nav2_planner/share/custom_nav2_planner/package.zsh'
[20.060s] Level 1:colcon.colcon_core.environment:create_file_with_runtime_dependencies(/home/user/exercises_ws/install/custom_nav2_planner/share/colcon-core/packages/custom_nav2_planner)
[20.061s] DEBUG:colcon.colcon_parallel_executor.executor.parallel:closing loop
[20.061s] DEBUG:colcon.colcon_parallel_executor.executor.parallel:loop closed
[20.062s] DEBUG:colcon.colcon_parallel_executor.executor.parallel:run_until_complete finished with '0'
[20.062s] DEBUG:colcon.colcon_core.event_reactor:joining thread
[20.073s] INFO:colcon.colcon_core.plugin_system:Skipping extension 'colcon_notification.desktop_notification.notify_send': Could not find 'notify-send'
[20.073s] INFO:colcon.colcon_core.plugin_system:Skipping extension 'colcon_notification.desktop_notification.terminal_notifier': Not used on non-Darwin systems
[20.073s] INFO:colcon.colcon_core.plugin_system:Skipping extension 'colcon_notification.desktop_notification.win32': Not used on non-Windows systems
[20.073s] INFO:colcon.colcon_notification.desktop_notification:Sending desktop notification using 'notify2'
[20.163s] DEBUG:colcon.colcon_core.event_reactor:joined thread
[20.164s] INFO:colcon.colcon_core.shell:Creating prefix script '/home/user/exercises_ws/install/local_setup.ps1'
[20.165s] INFO:colcon.colcon_core.shell:Creating prefix util module '/home/user/exercises_ws/install/_local_setup_util_ps1.py'
[20.167s] INFO:colcon.colcon_core.shell:Creating prefix chain script '/home/user/exercises_ws/install/setup.ps1'
[20.168s] INFO:colcon.colcon_core.shell:Creating prefix script '/home/user/exercises_ws/install/local_setup.sh'
[20.169s] INFO:colcon.colcon_core.shell:Creating prefix util module '/home/user/exercises_ws/install/_local_setup_util_sh.py'
[20.170s] INFO:colcon.colcon_core.shell:Creating prefix chain script '/home/user/exercises_ws/install/setup.sh'
[20.171s] INFO:colcon.colcon_core.shell:Creating prefix script '/home/user/exercises_ws/install/local_setup.bash'
[20.172s] INFO:colcon.colcon_core.shell:Creating prefix chain script '/home/user/exercises_ws/install/setup.bash'
[20.174s] INFO:colcon.colcon_core.shell:Creating prefix script '/home/user/exercises_ws/install/local_setup.zsh'
[20.175s] INFO:colcon.colcon_core.shell:Creating prefix chain script '/home/user/exercises_ws/install/setup.zsh'
