running develop
running egg_info
creating pathplanners.egg-info
writing pathplanners.egg-info/PKG-INFO
writing dependency_links to pathplanners.egg-info/dependency_links.txt
writing entry points to pathplanners.egg-info/entry_points.txt
writing requirements to pathplanners.egg-info/requires.txt
writing top-level names to pathplanners.egg-info/top_level.txt
writing manifest file 'pathplanners.egg-info/SOURCES.txt'
reading manifest file 'pathplanners.egg-info/SOURCES.txt'
writing manifest file 'pathplanners.egg-info/SOURCES.txt'
running build_ext
Creating /home/user/exercises_ws/install/pathplanners/lib/python3.10/site-packages/pathplanners.egg-link (link to .)
Installing bfs script to /home/user/exercises_ws/install/pathplanners/lib/pathplanners
Installing dijkstra script to /home/user/exercises_ws/install/pathplanners/lib/pathplanners
Installing map_node script to /home/user/exercises_ws/install/pathplanners/lib/pathplanners
Installing path_planner_node script to /home/user/exercises_ws/install/pathplanners/lib/pathplanners

Installed /home/user/exercises_ws/build/pathplanners
running symlink_data
creating /home/user/exercises_ws/install/pathplanners/share/ament_index
creating /home/user/exercises_ws/install/pathplanners/share/ament_index/resource_index
creating /home/user/exercises_ws/install/pathplanners/share/ament_index/resource_index/packages
symbolically linking /home/user/exercises_ws/build/pathplanners/resource/pathplanners -> /home/user/exercises_ws/install/pathplanners/share/ament_index/resource_index/packages
symbolically linking /home/user/exercises_ws/build/pathplanners/package.xml -> /home/user/exercises_ws/install/pathplanners/share/pathplanners
creating /home/user/exercises_ws/install/pathplanners/share/pathplanners/launch
symbolically linking /home/user/exercises_ws/build/pathplanners/launch/bringup.launch.py -> /home/user/exercises_ws/install/pathplanners/share/pathplanners/launch
creating /home/user/exercises_ws/install/pathplanners/share/pathplanners/rviz
symbolically linking /home/user/exercises_ws/build/pathplanners/rviz/visualizer.rviz -> /home/user/exercises_ws/install/pathplanners/share/pathplanners/rviz
