[0.024s] Invoking command in '/home/user/exercises_ws/build/create_plan_msgs': CMAKE_PREFIX_PATH=/opt/ros/humble /usr/bin/cmake /home/user/exercises_ws/src/packages/create_plan_msgs -DCMAKE_INSTALL_PREFIX=/home/user/exercises_ws/install/create_plan_msgs
[0.158s] -- The C compiler identification is GNU 11.4.0
[0.272s] -- The CXX compiler identification is GNU 11.4.0
[0.289s] -- Detecting C compiler ABI info
[0.450s] -- Detecting C compiler ABI info - done
[0.464s] -- Check for working C compiler: /usr/bin/cc - skipped
[0.465s] -- Detecting C compile features
[0.465s] -- Detecting C compile features - done
[0.471s] -- Detecting CXX compiler ABI info
[0.651s] -- Detecting CXX compiler ABI info - done
[0.663s] -- Check for working CXX compiler: /usr/bin/c++ - skipped
[0.663s] -- Detecting CXX compile features
[0.664s] -- Detecting CXX compile features - done
[0.671s] -- Found geometry_msgs: 4.9.0 (/opt/ros/humble/share/geometry_msgs/cmake)
[0.910s] -- Found Python3: /usr/bin/python3 (found version "3.10.12") found components: Interpreter 
[1.132s] -- Found rosidl_generator_c: 3.1.7 (/opt/ros/humble/share/rosidl_generator_c/cmake)
[1.141s] -- Found rosidl_adapter: 3.1.7 (/opt/ros/humble/share/rosidl_adapter/cmake)
[1.155s] -- Found rosidl_generator_cpp: 3.1.7 (/opt/ros/humble/share/rosidl_generator_cpp/cmake)
[1.175s] -- Using all available rosidl_typesupport_c: rosidl_typesupport_fastrtps_c;rosidl_typesupport_introspection_c
[1.204s] -- Using all available rosidl_typesupport_cpp: rosidl_typesupport_fastrtps_cpp;rosidl_typesupport_introspection_cpp
[1.265s] -- Found nav_msgs: 4.9.0 (/opt/ros/humble/share/nav_msgs/cmake)
[1.290s] -- Found rosidl_default_generators: 1.2.0 (/opt/ros/humble/share/rosidl_default_generators/cmake)
[1.795s] -- Found ament_cmake_ros: 0.10.0 (/opt/ros/humble/share/ament_cmake_ros/cmake)
[2.538s] -- Using all available rosidl_typesupport_c: rosidl_typesupport_fastrtps_c;rosidl_typesupport_introspection_c
[2.828s] -- Using all available rosidl_typesupport_cpp: rosidl_typesupport_fastrtps_cpp;rosidl_typesupport_introspection_cpp
[2.867s] -- Found PythonInterp: /usr/bin/python3 (found suitable version "3.10.12", minimum required is "3.6") 
[2.870s] -- Found python_cmake_module: 0.10.0 (/opt/ros/humble/share/python_cmake_module/cmake)
[2.920s] -- Found PythonLibs: /usr/lib/x86_64-linux-gnu/libpython3.10.so (found suitable version "3.10.12", minimum required is "3.5") 
[2.920s] -- Using PYTHON_EXECUTABLE: /usr/bin/python3
[2.921s] -- Using PYTHON_INCLUDE_DIRS: /usr/include/python3.10
[2.921s] -- Using PYTHON_LIBRARIES: /usr/lib/x86_64-linux-gnu/libpython3.10.so
[2.958s] -- Found PythonExtra: .so  
[3.076s] -- Configuring done
[3.127s] -- Generating done
[3.144s] -- Build files have been written to: /home/user/exercises_ws/build/create_plan_msgs
[3.158s] Invoked command in '/home/user/exercises_ws/build/create_plan_msgs' returned '0': CMAKE_PREFIX_PATH=/opt/ros/humble /usr/bin/cmake /home/user/exercises_ws/src/packages/create_plan_msgs -DCMAKE_INSTALL_PREFIX=/home/user/exercises_ws/install/create_plan_msgs
[3.161s] Invoking command in '/home/user/exercises_ws/build/create_plan_msgs': CMAKE_PREFIX_PATH=/opt/ros/humble /usr/bin/cmake --build /home/user/exercises_ws/build/create_plan_msgs -- -j14 -l14
[3.257s] [  3%] [34m[1mGenerating C code for ROS interfaces[0m
[3.290s] [  6%] [34m[1mGenerating C++ code for ROS interfaces[0m
[3.308s] [  6%] Built target ament_cmake_python_copy_create_plan_msgs
[3.707s] [  9%] [32mBuilding C object CMakeFiles/create_plan_msgs__rosidl_generator_c.dir/rosidl_generator_c/create_plan_msgs/srv/detail/create_plan__functions.c.o[0m
[3.720s] running egg_info
[3.723s] [  9%] Built target create_plan_msgs__cpp
[3.723s] creating create_plan_msgs.egg-info
[3.723s] writing create_plan_msgs.egg-info/PKG-INFO
[3.723s] writing dependency_links to create_plan_msgs.egg-info/dependency_links.txt
[3.724s] writing top-level names to create_plan_msgs.egg-info/top_level.txt
[3.724s] writing manifest file 'create_plan_msgs.egg-info/SOURCES.txt'
[3.724s] reading manifest file 'create_plan_msgs.egg-info/SOURCES.txt'
[3.725s] writing manifest file 'create_plan_msgs.egg-info/SOURCES.txt'
[3.749s] [ 16%] [34m[1mGenerating C++ type support for eProsima Fast-RTPS[0m
[3.749s] [ 16%] [34m[1mGenerating C++ type support dispatch for ROS interfaces[0m
[3.750s] [ 19%] [34m[1mGenerating C++ introspection for ROS interfaces[0m
[3.777s] [ 19%] Built target ament_cmake_python_build_create_plan_msgs_egg
[3.830s] [ 22%] [32m[1mLinking C shared library libcreate_plan_msgs__rosidl_generator_c.so[0m
[3.930s] [ 22%] Built target create_plan_msgs__rosidl_generator_c
[3.955s] [ 25%] [34m[1mGenerating C type support for eProsima Fast-RTPS[0m
[3.965s] [ 29%] [34m[1mGenerating C introspection for ROS interfaces[0m
[3.966s] [ 32%] [34m[1mGenerating C type support dispatch for ROS interfaces[0m
[4.091s] [ 35%] [32mBuilding CXX object CMakeFiles/create_plan_msgs__rosidl_typesupport_cpp.dir/rosidl_typesupport_cpp/create_plan_msgs/srv/create_plan__type_support.cpp.o[0m
[4.141s] [ 38%] [32mBuilding CXX object CMakeFiles/create_plan_msgs__rosidl_typesupport_introspection_cpp.dir/rosidl_typesupport_introspection_cpp/create_plan_msgs/srv/detail/create_plan__type_support.cpp.o[0m
[4.180s] [ 41%] [32mBuilding CXX object CMakeFiles/create_plan_msgs__rosidl_typesupport_fastrtps_cpp.dir/rosidl_typesupport_fastrtps_cpp/create_plan_msgs/srv/detail/dds_fastrtps/create_plan__type_support.cpp.o[0m
[4.383s] [ 45%] [32mBuilding C object CMakeFiles/create_plan_msgs__rosidl_typesupport_introspection_c.dir/rosidl_typesupport_introspection_c/create_plan_msgs/srv/detail/create_plan__type_support.c.o[0m
[4.402s] [ 48%] [32mBuilding CXX object CMakeFiles/create_plan_msgs__rosidl_typesupport_c.dir/rosidl_typesupport_c/create_plan_msgs/srv/create_plan__type_support.cpp.o[0m
[4.445s] [ 51%] [32mBuilding CXX object CMakeFiles/create_plan_msgs__rosidl_typesupport_fastrtps_c.dir/rosidl_typesupport_fastrtps_c/create_plan_msgs/srv/detail/create_plan__type_support_c.cpp.o[0m
[4.467s] [ 54%] [32m[1mLinking C shared library libcreate_plan_msgs__rosidl_typesupport_introspection_c.so[0m
[4.486s] [ 58%] [32m[1mLinking CXX shared library libcreate_plan_msgs__rosidl_typesupport_c.so[0m
[4.518s] [ 61%] [32m[1mLinking CXX shared library libcreate_plan_msgs__rosidl_typesupport_cpp.so[0m
[4.551s] [ 61%] Built target create_plan_msgs__rosidl_typesupport_introspection_c
[4.595s] [ 61%] Built target create_plan_msgs__rosidl_typesupport_c
[4.612s] [ 61%] Built target create_plan_msgs__rosidl_typesupport_cpp
[4.820s] [ 64%] [32m[1mLinking CXX shared library libcreate_plan_msgs__rosidl_typesupport_introspection_cpp.so[0m
[4.828s] [ 67%] [32m[1mLinking CXX shared library libcreate_plan_msgs__rosidl_typesupport_fastrtps_cpp.so[0m
[4.949s] [ 67%] Built target create_plan_msgs__rosidl_typesupport_introspection_cpp
[4.996s] [ 67%] Built target create_plan_msgs__rosidl_typesupport_fastrtps_cpp
[5.011s] [ 70%] [32m[1mLinking CXX shared library libcreate_plan_msgs__rosidl_typesupport_fastrtps_c.so[0m
[5.149s] [ 70%] Built target create_plan_msgs__rosidl_typesupport_fastrtps_c
[5.204s] [ 70%] Built target create_plan_msgs
[5.257s] [ 74%] [34m[1mGenerating Python code for ROS interfaces[0m
[5.766s] [ 74%] Built target create_plan_msgs__py
[5.826s] [ 77%] [32mBuilding C object CMakeFiles/create_plan_msgs__rosidl_generator_py.dir/rosidl_generator_py/create_plan_msgs/srv/_create_plan_s.c.o[0m
[6.012s] [ 80%] [32m[1mLinking C shared library rosidl_generator_py/create_plan_msgs/libcreate_plan_msgs__rosidl_generator_py.so[0m
[6.115s] [ 80%] Built target create_plan_msgs__rosidl_generator_py
[6.172s] [ 83%] [32mBuilding C object CMakeFiles/create_plan_msgs__rosidl_typesupport_c__pyext.dir/rosidl_generator_py/create_plan_msgs/_create_plan_msgs_s.ep.rosidl_typesupport_c.c.o[0m
[6.175s] [ 87%] [32mBuilding C object CMakeFiles/create_plan_msgs__rosidl_typesupport_fastrtps_c__pyext.dir/rosidl_generator_py/create_plan_msgs/_create_plan_msgs_s.ep.rosidl_typesupport_fastrtps_c.c.o[0m
[6.176s] [ 90%] [32mBuilding C object CMakeFiles/create_plan_msgs__rosidl_typesupport_introspection_c__pyext.dir/rosidl_generator_py/create_plan_msgs/_create_plan_msgs_s.ep.rosidl_typesupport_introspection_c.c.o[0m
[6.363s] [ 93%] [32m[1mLinking C shared library rosidl_generator_py/create_plan_msgs/create_plan_msgs_s__rosidl_typesupport_c.cpython-310-x86_64-linux-gnu.so[0m
[6.370s] [ 96%] [32m[1mLinking C shared library rosidl_generator_py/create_plan_msgs/create_plan_msgs_s__rosidl_typesupport_fastrtps_c.cpython-310-x86_64-linux-gnu.so[0m
[6.376s] [100%] [32m[1mLinking C shared library rosidl_generator_py/create_plan_msgs/create_plan_msgs_s__rosidl_typesupport_introspection_c.cpython-310-x86_64-linux-gnu.so[0m
[6.468s] [100%] Built target create_plan_msgs__rosidl_typesupport_c__pyext
[6.473s] [100%] Built target create_plan_msgs__rosidl_typesupport_fastrtps_c__pyext
[6.481s] [100%] Built target create_plan_msgs__rosidl_typesupport_introspection_c__pyext
[6.510s] Invoked command in '/home/user/exercises_ws/build/create_plan_msgs' returned '0': CMAKE_PREFIX_PATH=/opt/ros/humble /usr/bin/cmake --build /home/user/exercises_ws/build/create_plan_msgs -- -j14 -l14
[6.533s] Invoking command in '/home/user/exercises_ws/build/create_plan_msgs': CMAKE_PREFIX_PATH=/opt/ros/humble /usr/bin/cmake --install /home/user/exercises_ws/build/create_plan_msgs
[6.552s] -- Install configuration: ""
[6.553s] -- Installing: /home/user/exercises_ws/install/create_plan_msgs/share/ament_index/resource_index/rosidl_interfaces/create_plan_msgs
[6.554s] -- Installing: /home/user/exercises_ws/install/create_plan_msgs/include/create_plan_msgs/create_plan_msgs
[6.554s] -- Installing: /home/user/exercises_ws/install/create_plan_msgs/include/create_plan_msgs/create_plan_msgs/srv
[6.555s] -- Installing: /home/user/exercises_ws/install/create_plan_msgs/include/create_plan_msgs/create_plan_msgs/srv/detail
[6.555s] -- Installing: /home/user/exercises_ws/install/create_plan_msgs/include/create_plan_msgs/create_plan_msgs/srv/detail/create_plan__struct.h
[6.555s] -- Installing: /home/user/exercises_ws/install/create_plan_msgs/include/create_plan_msgs/create_plan_msgs/srv/detail/create_plan__functions.h
[6.555s] -- Installing: /home/user/exercises_ws/install/create_plan_msgs/include/create_plan_msgs/create_plan_msgs/srv/detail/create_plan__type_support.h
[6.555s] -- Installing: /home/user/exercises_ws/install/create_plan_msgs/include/create_plan_msgs/create_plan_msgs/srv/detail/create_plan__functions.c
[6.556s] -- Installing: /home/user/exercises_ws/install/create_plan_msgs/include/create_plan_msgs/create_plan_msgs/srv/create_plan.h
[6.556s] -- Installing: /home/user/exercises_ws/install/create_plan_msgs/include/create_plan_msgs/create_plan_msgs/msg
[6.556s] -- Installing: /home/user/exercises_ws/install/create_plan_msgs/include/create_plan_msgs/create_plan_msgs/msg/rosidl_generator_c__visibility_control.h
[6.556s] -- Installing: /home/user/exercises_ws/install/create_plan_msgs/share/create_plan_msgs/environment/library_path.sh
[6.557s] -- Installing: /home/user/exercises_ws/install/create_plan_msgs/share/create_plan_msgs/environment/library_path.dsv
[6.557s] -- Installing: /home/user/exercises_ws/install/create_plan_msgs/lib/libcreate_plan_msgs__rosidl_generator_c.so
[6.558s] -- Set runtime path of "/home/user/exercises_ws/install/create_plan_msgs/lib/libcreate_plan_msgs__rosidl_generator_c.so" to ""
[6.558s] -- Up-to-date: /home/user/exercises_ws/install/create_plan_msgs/include/create_plan_msgs/create_plan_msgs
[6.558s] -- Up-to-date: /home/user/exercises_ws/install/create_plan_msgs/include/create_plan_msgs/create_plan_msgs/srv
[6.558s] -- Up-to-date: /home/user/exercises_ws/install/create_plan_msgs/include/create_plan_msgs/create_plan_msgs/srv/detail
[6.558s] -- Installing: /home/user/exercises_ws/install/create_plan_msgs/include/create_plan_msgs/create_plan_msgs/srv/detail/create_plan__rosidl_typesupport_fastrtps_c.h
[6.559s] -- Up-to-date: /home/user/exercises_ws/install/create_plan_msgs/include/create_plan_msgs/create_plan_msgs/msg
[6.559s] -- Installing: /home/user/exercises_ws/install/create_plan_msgs/include/create_plan_msgs/create_plan_msgs/msg/rosidl_typesupport_fastrtps_c__visibility_control.h
[6.559s] -- Installing: /home/user/exercises_ws/install/create_plan_msgs/lib/libcreate_plan_msgs__rosidl_typesupport_fastrtps_c.so
[6.559s] -- Set runtime path of "/home/user/exercises_ws/install/create_plan_msgs/lib/libcreate_plan_msgs__rosidl_typesupport_fastrtps_c.so" to ""
[6.560s] -- Up-to-date: /home/user/exercises_ws/install/create_plan_msgs/include/create_plan_msgs/create_plan_msgs
[6.560s] -- Up-to-date: /home/user/exercises_ws/install/create_plan_msgs/include/create_plan_msgs/create_plan_msgs/srv
[6.560s] -- Up-to-date: /home/user/exercises_ws/install/create_plan_msgs/include/create_plan_msgs/create_plan_msgs/srv/detail
[6.560s] -- Installing: /home/user/exercises_ws/install/create_plan_msgs/include/create_plan_msgs/create_plan_msgs/srv/detail/create_plan__builder.hpp
[6.560s] -- Installing: /home/user/exercises_ws/install/create_plan_msgs/include/create_plan_msgs/create_plan_msgs/srv/detail/create_plan__type_support.hpp
[6.560s] -- Installing: /home/user/exercises_ws/install/create_plan_msgs/include/create_plan_msgs/create_plan_msgs/srv/detail/create_plan__traits.hpp
[6.561s] -- Installing: /home/user/exercises_ws/install/create_plan_msgs/include/create_plan_msgs/create_plan_msgs/srv/detail/create_plan__struct.hpp
[6.561s] -- Installing: /home/user/exercises_ws/install/create_plan_msgs/include/create_plan_msgs/create_plan_msgs/srv/create_plan.hpp
[6.561s] -- Up-to-date: /home/user/exercises_ws/install/create_plan_msgs/include/create_plan_msgs/create_plan_msgs/msg
[6.561s] -- Installing: /home/user/exercises_ws/install/create_plan_msgs/include/create_plan_msgs/create_plan_msgs/msg/rosidl_generator_cpp__visibility_control.hpp
[6.561s] -- Up-to-date: /home/user/exercises_ws/install/create_plan_msgs/include/create_plan_msgs/create_plan_msgs
[6.562s] -- Up-to-date: /home/user/exercises_ws/install/create_plan_msgs/include/create_plan_msgs/create_plan_msgs/srv
[6.562s] -- Up-to-date: /home/user/exercises_ws/install/create_plan_msgs/include/create_plan_msgs/create_plan_msgs/srv/detail
[6.562s] -- Installing: /home/user/exercises_ws/install/create_plan_msgs/include/create_plan_msgs/create_plan_msgs/srv/detail/dds_fastrtps
[6.563s] -- Installing: /home/user/exercises_ws/install/create_plan_msgs/include/create_plan_msgs/create_plan_msgs/srv/detail/create_plan__rosidl_typesupport_fastrtps_cpp.hpp
[6.563s] -- Up-to-date: /home/user/exercises_ws/install/create_plan_msgs/include/create_plan_msgs/create_plan_msgs/msg
[6.563s] -- Installing: /home/user/exercises_ws/install/create_plan_msgs/include/create_plan_msgs/create_plan_msgs/msg/rosidl_typesupport_fastrtps_cpp__visibility_control.h
[6.563s] -- Installing: /home/user/exercises_ws/install/create_plan_msgs/lib/libcreate_plan_msgs__rosidl_typesupport_fastrtps_cpp.so
[6.564s] -- Set runtime path of "/home/user/exercises_ws/install/create_plan_msgs/lib/libcreate_plan_msgs__rosidl_typesupport_fastrtps_cpp.so" to ""
[6.564s] -- Up-to-date: /home/user/exercises_ws/install/create_plan_msgs/include/create_plan_msgs/create_plan_msgs
[6.564s] -- Up-to-date: /home/user/exercises_ws/install/create_plan_msgs/include/create_plan_msgs/create_plan_msgs/srv
[6.564s] -- Up-to-date: /home/user/exercises_ws/install/create_plan_msgs/include/create_plan_msgs/create_plan_msgs/srv/detail
[6.565s] -- Installing: /home/user/exercises_ws/install/create_plan_msgs/include/create_plan_msgs/create_plan_msgs/srv/detail/create_plan__type_support.c
[6.565s] -- Installing: /home/user/exercises_ws/install/create_plan_msgs/include/create_plan_msgs/create_plan_msgs/srv/detail/create_plan__rosidl_typesupport_introspection_c.h
[6.565s] -- Up-to-date: /home/user/exercises_ws/install/create_plan_msgs/include/create_plan_msgs/create_plan_msgs/msg
[6.565s] -- Installing: /home/user/exercises_ws/install/create_plan_msgs/include/create_plan_msgs/create_plan_msgs/msg/rosidl_typesupport_introspection_c__visibility_control.h
[6.565s] -- Installing: /home/user/exercises_ws/install/create_plan_msgs/lib/libcreate_plan_msgs__rosidl_typesupport_introspection_c.so
[6.566s] -- Set runtime path of "/home/user/exercises_ws/install/create_plan_msgs/lib/libcreate_plan_msgs__rosidl_typesupport_introspection_c.so" to ""
[6.566s] -- Installing: /home/user/exercises_ws/install/create_plan_msgs/lib/libcreate_plan_msgs__rosidl_typesupport_c.so
[6.567s] -- Set runtime path of "/home/user/exercises_ws/install/create_plan_msgs/lib/libcreate_plan_msgs__rosidl_typesupport_c.so" to ""
[6.567s] -- Up-to-date: /home/user/exercises_ws/install/create_plan_msgs/include/create_plan_msgs/create_plan_msgs
[6.567s] -- Up-to-date: /home/user/exercises_ws/install/create_plan_msgs/include/create_plan_msgs/create_plan_msgs/srv
[6.567s] -- Up-to-date: /home/user/exercises_ws/install/create_plan_msgs/include/create_plan_msgs/create_plan_msgs/srv/detail
[6.567s] -- Installing: /home/user/exercises_ws/install/create_plan_msgs/include/create_plan_msgs/create_plan_msgs/srv/detail/create_plan__type_support.cpp
[6.567s] -- Installing: /home/user/exercises_ws/install/create_plan_msgs/include/create_plan_msgs/create_plan_msgs/srv/detail/create_plan__rosidl_typesupport_introspection_cpp.hpp
[6.568s] -- Installing: /home/user/exercises_ws/install/create_plan_msgs/lib/libcreate_plan_msgs__rosidl_typesupport_introspection_cpp.so
[6.568s] -- Set runtime path of "/home/user/exercises_ws/install/create_plan_msgs/lib/libcreate_plan_msgs__rosidl_typesupport_introspection_cpp.so" to ""
[6.569s] -- Installing: /home/user/exercises_ws/install/create_plan_msgs/lib/libcreate_plan_msgs__rosidl_typesupport_cpp.so
[6.569s] -- Set runtime path of "/home/user/exercises_ws/install/create_plan_msgs/lib/libcreate_plan_msgs__rosidl_typesupport_cpp.so" to ""
[6.569s] -- Installing: /home/user/exercises_ws/install/create_plan_msgs/share/create_plan_msgs/environment/pythonpath.sh
[6.570s] -- Installing: /home/user/exercises_ws/install/create_plan_msgs/share/create_plan_msgs/environment/pythonpath.dsv
[6.570s] -- Installing: /home/user/exercises_ws/install/create_plan_msgs/local/lib/python3.10/dist-packages/create_plan_msgs-0.0.0-py3.10.egg-info
[6.570s] -- Installing: /home/user/exercises_ws/install/create_plan_msgs/local/lib/python3.10/dist-packages/create_plan_msgs-0.0.0-py3.10.egg-info/dependency_links.txt
[6.570s] -- Installing: /home/user/exercises_ws/install/create_plan_msgs/local/lib/python3.10/dist-packages/create_plan_msgs-0.0.0-py3.10.egg-info/SOURCES.txt
[6.571s] -- Installing: /home/user/exercises_ws/install/create_plan_msgs/local/lib/python3.10/dist-packages/create_plan_msgs-0.0.0-py3.10.egg-info/top_level.txt
[6.571s] -- Installing: /home/user/exercises_ws/install/create_plan_msgs/local/lib/python3.10/dist-packages/create_plan_msgs-0.0.0-py3.10.egg-info/PKG-INFO
[6.571s] -- Installing: /home/user/exercises_ws/install/create_plan_msgs/local/lib/python3.10/dist-packages/create_plan_msgs
[6.571s] -- Installing: /home/user/exercises_ws/install/create_plan_msgs/local/lib/python3.10/dist-packages/create_plan_msgs/_create_plan_msgs_s.ep.rosidl_typesupport_fastrtps_c.c
[6.572s] -- Installing: /home/user/exercises_ws/install/create_plan_msgs/local/lib/python3.10/dist-packages/create_plan_msgs/_create_plan_msgs_s.ep.rosidl_typesupport_introspection_c.c
[6.572s] -- Installing: /home/user/exercises_ws/install/create_plan_msgs/local/lib/python3.10/dist-packages/create_plan_msgs/create_plan_msgs_s__rosidl_typesupport_fastrtps_c.cpython-310-x86_64-linux-gnu.so
[6.572s] -- Installing: /home/user/exercises_ws/install/create_plan_msgs/local/lib/python3.10/dist-packages/create_plan_msgs/create_plan_msgs_s__rosidl_typesupport_introspection_c.cpython-310-x86_64-linux-gnu.so
[6.573s] -- Installing: /home/user/exercises_ws/install/create_plan_msgs/local/lib/python3.10/dist-packages/create_plan_msgs/srv
[6.573s] -- Installing: /home/user/exercises_ws/install/create_plan_msgs/local/lib/python3.10/dist-packages/create_plan_msgs/srv/_create_plan.py
[6.573s] -- Installing: /home/user/exercises_ws/install/create_plan_msgs/local/lib/python3.10/dist-packages/create_plan_msgs/srv/_create_plan_s.c
[6.574s] -- Installing: /home/user/exercises_ws/install/create_plan_msgs/local/lib/python3.10/dist-packages/create_plan_msgs/srv/__init__.py
[6.574s] -- Installing: /home/user/exercises_ws/install/create_plan_msgs/local/lib/python3.10/dist-packages/create_plan_msgs/_create_plan_msgs_s.ep.rosidl_typesupport_c.c
[6.574s] -- Installing: /home/user/exercises_ws/install/create_plan_msgs/local/lib/python3.10/dist-packages/create_plan_msgs/__init__.py
[6.575s] -- Installing: /home/user/exercises_ws/install/create_plan_msgs/local/lib/python3.10/dist-packages/create_plan_msgs/create_plan_msgs_s__rosidl_typesupport_c.cpython-310-x86_64-linux-gnu.so
[6.575s] -- Installing: /home/user/exercises_ws/install/create_plan_msgs/local/lib/python3.10/dist-packages/create_plan_msgs/libcreate_plan_msgs__rosidl_generator_py.so
[6.641s] Listing '/home/user/exercises_ws/install/create_plan_msgs/local/lib/python3.10/dist-packages/create_plan_msgs'...
[6.642s] Compiling '/home/user/exercises_ws/install/create_plan_msgs/local/lib/python3.10/dist-packages/create_plan_msgs/__init__.py'...
[6.642s] Listing '/home/user/exercises_ws/install/create_plan_msgs/local/lib/python3.10/dist-packages/create_plan_msgs/srv'...
[6.642s] Compiling '/home/user/exercises_ws/install/create_plan_msgs/local/lib/python3.10/dist-packages/create_plan_msgs/srv/__init__.py'...
[6.642s] Compiling '/home/user/exercises_ws/install/create_plan_msgs/local/lib/python3.10/dist-packages/create_plan_msgs/srv/_create_plan.py'...
[6.650s] -- Installing: /home/user/exercises_ws/install/create_plan_msgs/local/lib/python3.10/dist-packages/create_plan_msgs/create_plan_msgs_s__rosidl_typesupport_fastrtps_c.cpython-310-x86_64-linux-gnu.so
[6.650s] -- Set runtime path of "/home/user/exercises_ws/install/create_plan_msgs/local/lib/python3.10/dist-packages/create_plan_msgs/create_plan_msgs_s__rosidl_typesupport_fastrtps_c.cpython-310-x86_64-linux-gnu.so" to ""
[6.653s] -- Installing: /home/user/exercises_ws/install/create_plan_msgs/local/lib/python3.10/dist-packages/create_plan_msgs/create_plan_msgs_s__rosidl_typesupport_introspection_c.cpython-310-x86_64-linux-gnu.so
[6.653s] -- Set runtime path of "/home/user/exercises_ws/install/create_plan_msgs/local/lib/python3.10/dist-packages/create_plan_msgs/create_plan_msgs_s__rosidl_typesupport_introspection_c.cpython-310-x86_64-linux-gnu.so" to ""
[6.653s] -- Installing: /home/user/exercises_ws/install/create_plan_msgs/local/lib/python3.10/dist-packages/create_plan_msgs/create_plan_msgs_s__rosidl_typesupport_c.cpython-310-x86_64-linux-gnu.so
[6.653s] -- Set runtime path of "/home/user/exercises_ws/install/create_plan_msgs/local/lib/python3.10/dist-packages/create_plan_msgs/create_plan_msgs_s__rosidl_typesupport_c.cpython-310-x86_64-linux-gnu.so" to ""
[6.654s] -- Installing: /home/user/exercises_ws/install/create_plan_msgs/lib/libcreate_plan_msgs__rosidl_generator_py.so
[6.654s] -- Set runtime path of "/home/user/exercises_ws/install/create_plan_msgs/lib/libcreate_plan_msgs__rosidl_generator_py.so" to ""
[6.654s] -- Installing: /home/user/exercises_ws/install/create_plan_msgs/share/create_plan_msgs/srv/CreatePlan.idl
[6.654s] -- Installing: /home/user/exercises_ws/install/create_plan_msgs/share/create_plan_msgs/srv/CreatePlan.srv
[6.654s] -- Installing: /home/user/exercises_ws/install/create_plan_msgs/share/create_plan_msgs/srv/CreatePlan_Request.msg
[6.654s] -- Installing: /home/user/exercises_ws/install/create_plan_msgs/share/create_plan_msgs/srv/CreatePlan_Response.msg
[6.654s] -- Installing: /home/user/exercises_ws/install/create_plan_msgs/share/ament_index/resource_index/package_run_dependencies/create_plan_msgs
[6.655s] -- Installing: /home/user/exercises_ws/install/create_plan_msgs/share/ament_index/resource_index/parent_prefix_path/create_plan_msgs
[6.655s] -- Installing: /home/user/exercises_ws/install/create_plan_msgs/share/create_plan_msgs/environment/ament_prefix_path.sh
[6.655s] -- Installing: /home/user/exercises_ws/install/create_plan_msgs/share/create_plan_msgs/environment/ament_prefix_path.dsv
[6.656s] -- Installing: /home/user/exercises_ws/install/create_plan_msgs/share/create_plan_msgs/environment/path.sh
[6.656s] -- Installing: /home/user/exercises_ws/install/create_plan_msgs/share/create_plan_msgs/environment/path.dsv
[6.657s] -- Installing: /home/user/exercises_ws/install/create_plan_msgs/share/create_plan_msgs/local_setup.bash
[6.657s] -- Installing: /home/user/exercises_ws/install/create_plan_msgs/share/create_plan_msgs/local_setup.sh
[6.657s] -- Installing: /home/user/exercises_ws/install/create_plan_msgs/share/create_plan_msgs/local_setup.zsh
[6.657s] -- Installing: /home/user/exercises_ws/install/create_plan_msgs/share/create_plan_msgs/local_setup.dsv
[6.657s] -- Installing: /home/user/exercises_ws/install/create_plan_msgs/share/create_plan_msgs/package.dsv
[6.658s] -- Installing: /home/user/exercises_ws/install/create_plan_msgs/share/ament_index/resource_index/packages/create_plan_msgs
[6.658s] -- Installing: /home/user/exercises_ws/install/create_plan_msgs/share/create_plan_msgs/cmake/export_create_plan_msgs__rosidl_generator_cExport.cmake
[6.658s] -- Installing: /home/user/exercises_ws/install/create_plan_msgs/share/create_plan_msgs/cmake/export_create_plan_msgs__rosidl_generator_cExport-noconfig.cmake
[6.659s] -- Installing: /home/user/exercises_ws/install/create_plan_msgs/share/create_plan_msgs/cmake/export_create_plan_msgs__rosidl_typesupport_fastrtps_cExport.cmake
[6.659s] -- Installing: /home/user/exercises_ws/install/create_plan_msgs/share/create_plan_msgs/cmake/export_create_plan_msgs__rosidl_typesupport_fastrtps_cExport-noconfig.cmake
[6.659s] -- Installing: /home/user/exercises_ws/install/create_plan_msgs/share/create_plan_msgs/cmake/export_create_plan_msgs__rosidl_generator_cppExport.cmake
[6.660s] -- Installing: /home/user/exercises_ws/install/create_plan_msgs/share/create_plan_msgs/cmake/export_create_plan_msgs__rosidl_typesupport_fastrtps_cppExport.cmake
[6.660s] -- Installing: /home/user/exercises_ws/install/create_plan_msgs/share/create_plan_msgs/cmake/export_create_plan_msgs__rosidl_typesupport_fastrtps_cppExport-noconfig.cmake
[6.660s] -- Installing: /home/user/exercises_ws/install/create_plan_msgs/share/create_plan_msgs/cmake/create_plan_msgs__rosidl_typesupport_introspection_cExport.cmake
[6.662s] -- Installing: /home/user/exercises_ws/install/create_plan_msgs/share/create_plan_msgs/cmake/create_plan_msgs__rosidl_typesupport_introspection_cExport-noconfig.cmake
[6.663s] -- Installing: /home/user/exercises_ws/install/create_plan_msgs/share/create_plan_msgs/cmake/create_plan_msgs__rosidl_typesupport_cExport.cmake
[6.663s] -- Installing: /home/user/exercises_ws/install/create_plan_msgs/share/create_plan_msgs/cmake/create_plan_msgs__rosidl_typesupport_cExport-noconfig.cmake
[6.663s] -- Installing: /home/user/exercises_ws/install/create_plan_msgs/share/create_plan_msgs/cmake/create_plan_msgs__rosidl_typesupport_introspection_cppExport.cmake
[6.664s] -- Installing: /home/user/exercises_ws/install/create_plan_msgs/share/create_plan_msgs/cmake/create_plan_msgs__rosidl_typesupport_introspection_cppExport-noconfig.cmake
[6.664s] -- Installing: /home/user/exercises_ws/install/create_plan_msgs/share/create_plan_msgs/cmake/create_plan_msgs__rosidl_typesupport_cppExport.cmake
[6.664s] -- Installing: /home/user/exercises_ws/install/create_plan_msgs/share/create_plan_msgs/cmake/create_plan_msgs__rosidl_typesupport_cppExport-noconfig.cmake
[6.664s] -- Installing: /home/user/exercises_ws/install/create_plan_msgs/share/create_plan_msgs/cmake/export_create_plan_msgs__rosidl_generator_pyExport.cmake
[6.664s] -- Installing: /home/user/exercises_ws/install/create_plan_msgs/share/create_plan_msgs/cmake/export_create_plan_msgs__rosidl_generator_pyExport-noconfig.cmake
[6.665s] -- Installing: /home/user/exercises_ws/install/create_plan_msgs/share/create_plan_msgs/cmake/rosidl_cmake-extras.cmake
[6.665s] -- Installing: /home/user/exercises_ws/install/create_plan_msgs/share/create_plan_msgs/cmake/ament_cmake_export_dependencies-extras.cmake
[6.665s] -- Installing: /home/user/exercises_ws/install/create_plan_msgs/share/create_plan_msgs/cmake/ament_cmake_export_include_directories-extras.cmake
[6.665s] -- Installing: /home/user/exercises_ws/install/create_plan_msgs/share/create_plan_msgs/cmake/ament_cmake_export_libraries-extras.cmake
[6.665s] -- Installing: /home/user/exercises_ws/install/create_plan_msgs/share/create_plan_msgs/cmake/ament_cmake_export_targets-extras.cmake
[6.665s] -- Installing: /home/user/exercises_ws/install/create_plan_msgs/share/create_plan_msgs/cmake/rosidl_cmake_export_typesupport_targets-extras.cmake
[6.665s] -- Installing: /home/user/exercises_ws/install/create_plan_msgs/share/create_plan_msgs/cmake/rosidl_cmake_export_typesupport_libraries-extras.cmake
[6.665s] -- Installing: /home/user/exercises_ws/install/create_plan_msgs/share/create_plan_msgs/cmake/create_plan_msgsConfig.cmake
[6.665s] -- Installing: /home/user/exercises_ws/install/create_plan_msgs/share/create_plan_msgs/cmake/create_plan_msgsConfig-version.cmake
[6.666s] -- Installing: /home/user/exercises_ws/install/create_plan_msgs/share/create_plan_msgs/package.xml
[6.670s] Invoked command in '/home/user/exercises_ws/build/create_plan_msgs' returned '0': CMAKE_PREFIX_PATH=/opt/ros/humble /usr/bin/cmake --install /home/user/exercises_ws/build/create_plan_msgs
